This file contains any messages produced by compilers while
running configure, to aid debugging if configure makes a mistake.

It was created by hooky configure 1.0, which was
generated by GNU Autoconf 2.68.  Invocation command line was

  $ ./configure --no-create --no-recursion

## --------- ##
## Platform. ##
## --------- ##

hostname = Delorum99
uname -m = x86_64
uname -r = 3.2.0-48-generic
uname -s = Linux
uname -v = #74-Ubuntu SMP Thu Jun 6 19:43:26 UTC 2013

/usr/bin/uname -p = unknown
/bin/uname -X     = unknown

/bin/arch              = unknown
/usr/bin/arch -k       = unknown
/usr/convex/getsysinfo = unknown
/usr/bin/hostinfo      = unknown
/bin/machine           = unknown
/usr/bin/oslevel       = unknown
/bin/universe          = unknown

PATH: /usr/lib/lightdm/lightdm
PATH: /usr/local/sbin
PATH: /usr/local/bin
PATH: /usr/sbin
PATH: /usr/bin
PATH: /sbin
PATH: /bin
PATH: /usr/games


## ----------- ##
## Core tests. ##
## ----------- ##

configure:1847: checking for a BSD-compatible install
configure:1915: result: /usr/bin/install -c
configure:1926: checking whether build environment is sane
configure:1976: result: yes
configure:2117: checking for a thread-safe mkdir -p
configure:2156: result: /bin/mkdir -p
configure:2169: checking for gawk
configure:2199: result: no
configure:2169: checking for mawk
configure:2185: found /usr/bin/mawk
configure:2196: result: mawk
configure:2207: checking whether make sets $(MAKE)
configure:2229: result: yes
configure:2357: checking for gcc
configure:2373: found /usr/bin/gcc
configure:2384: result: gcc
configure:2613: checking for C compiler version
configure:2622: gcc --version >&5
gcc (Ubuntu/Linaro 4.6.3-1ubuntu5) 4.6.3
Copyright (C) 2011 Free Software Foundation, Inc.
This is free software; see the source for copying conditions.  There is NO
warranty; not even for MERCHANTABILITY or FITNESS FOR A PARTICULAR PURPOSE.

configure:2633: $? = 0
configure:2622: gcc -v >&5
Using built-in specs.
COLLECT_GCC=gcc
COLLECT_LTO_WRAPPER=/usr/lib/gcc/x86_64-linux-gnu/4.6/lto-wrapper
Target: x86_64-linux-gnu
Configured with: ../src/configure -v --with-pkgversion='Ubuntu/Linaro 4.6.3-1ubuntu5' --with-bugurl=file:///usr/share/doc/gcc-4.6/README.Bugs --enable-languages=c,c++,fortran,objc,obj-c++ --prefix=/usr --program-suffix=-4.6 --enable-shared --enable-linker-build-id --with-system-zlib --libexecdir=/usr/lib --without-included-gettext --enable-threads=posix --with-gxx-include-dir=/usr/include/c++/4.6 --libdir=/usr/lib --enable-nls --with-sysroot=/ --enable-clocale=gnu --enable-libstdcxx-debug --enable-libstdcxx-time=yes --enable-gnu-unique-object --enable-plugin --enable-objc-gc --disable-werror --with-arch-32=i686 --with-tune=generic --enable-checking=release --build=x86_64-linux-gnu --host=x86_64-linux-gnu --target=x86_64-linux-gnu
Thread model: posix
gcc version 4.6.3 (Ubuntu/Linaro 4.6.3-1ubuntu5) 
configure:2633: $? = 0
configure:2622: gcc -V >&5
gcc: error: unrecognized option '-V'
gcc: fatal error: no input files
compilation terminated.
configure:2633: $? = 4
configure:2622: gcc -qversion >&5
gcc: error: unrecognized option '-qversion'
gcc: fatal error: no input files
compilation terminated.
configure:2633: $? = 4
configure:2653: checking whether the C compiler works
configure:2675: gcc    conftest.c  >&5
configure:2679: $? = 0
configure:2727: result: yes
configure:2730: checking for C compiler default output file name
configure:2732: result: a.out
configure:2738: checking for suffix of executables
configure:2745: gcc -o conftest    conftest.c  >&5
configure:2749: $? = 0
configure:2771: result: 
configure:2793: checking whether we are cross compiling
configure:2801: gcc -o conftest    conftest.c  >&5
configure:2805: $? = 0
configure:2812: ./conftest
configure:2816: $? = 0
configure:2831: result: no
configure:2836: checking for suffix of object files
configure:2858: gcc -c   conftest.c >&5
configure:2862: $? = 0
configure:2883: result: o
configure:2887: checking whether we are using the GNU C compiler
configure:2906: gcc -c   conftest.c >&5
configure:2906: $? = 0
configure:2915: result: yes
configure:2924: checking whether gcc accepts -g
configure:2944: gcc -c -g  conftest.c >&5
configure:2944: $? = 0
configure:2985: result: yes
configure:3002: checking for gcc option to accept ISO C89
configure:3066: gcc  -c -g -O2  conftest.c >&5
configure:3066: $? = 0
configure:3079: result: none needed
configure:3110: checking for style of include used by make
configure:3138: result: GNU
configure:3164: checking dependency style of gcc
configure:3275: result: gcc3
configure:3291: checking for event_base_new in -levent
configure:3316: gcc -o conftest -g -O2   conftest.c -levent   >&5
configure:3316: $? = 0
configure:3325: result: yes
configure:3336: checking for bufferevent_get_openssl_error in -levent_openssl
configure:3361: gcc -o conftest -g -O2   conftest.c -levent_openssl  -levent  >&5
configure:3361: $? = 0
configure:3370: result: yes
configure:3381: checking for ERR_lib_error_string in -lcrypto
configure:3406: gcc -o conftest -g -O2   conftest.c -lcrypto  -levent_openssl -levent  >&5
configure:3406: $? = 0
configure:3415: result: yes
configure:3426: checking for json_tokener_parse in -ljson-c
configure:3451: gcc -o conftest -g -O2   conftest.c -ljson-c  -lcrypto -levent_openssl -levent  >&5
configure:3451: $? = 0
configure:3460: result: yes
configure:3605: creating ./config.status

## ---------------- ##
## Cache variables. ##
## ---------------- ##

ac_cv_c_compiler_gnu=yes
ac_cv_env_CC_set=
ac_cv_env_CC_value=
ac_cv_env_CFLAGS_set=
ac_cv_env_CFLAGS_value=
ac_cv_env_CPPFLAGS_set=
ac_cv_env_CPPFLAGS_value=
ac_cv_env_LDFLAGS_set=
ac_cv_env_LDFLAGS_value=
ac_cv_env_LIBS_set=
ac_cv_env_LIBS_value=
ac_cv_env_build_alias_set=
ac_cv_env_build_alias_value=
ac_cv_env_host_alias_set=
ac_cv_env_host_alias_value=
ac_cv_env_target_alias_set=
ac_cv_env_target_alias_value=
ac_cv_lib_crypto_ERR_lib_error_string=yes
ac_cv_lib_event_event_base_new=yes
ac_cv_lib_event_openssl_bufferevent_get_openssl_error=yes
ac_cv_lib_json_c_json_tokener_parse=yes
ac_cv_objext=o
ac_cv_path_install='/usr/bin/install -c'
ac_cv_path_mkdir=/bin/mkdir
ac_cv_prog_AWK=mawk
ac_cv_prog_ac_ct_CC=gcc
ac_cv_prog_cc_c89=
ac_cv_prog_cc_g=yes
ac_cv_prog_make_make_set=yes
am_cv_CC_dependencies_compiler_type=gcc3

## ----------------- ##
## Output variables. ##
## ----------------- ##

ACLOCAL='${SHELL} /home/eduard/workspace/hooky/missing --run aclocal-1.11'
AMDEPBACKSLASH='\'
AMDEP_FALSE='#'
AMDEP_TRUE=''
AMTAR='$${TAR-tar}'
AUTOCONF='${SHELL} /home/eduard/workspace/hooky/missing --run autoconf'
AUTOHEADER='${SHELL} /home/eduard/workspace/hooky/missing --run autoheader'
AUTOMAKE='${SHELL} /home/eduard/workspace/hooky/missing --run automake-1.11'
AWK='mawk'
CC='gcc'
CCDEPMODE='depmode=gcc3'
CFLAGS='-g -O2'
CPPFLAGS=''
CYGPATH_W='echo'
DEFS='-DHAVE_CONFIG_H'
DEPDIR='.deps'
ECHO_C=''
ECHO_N='-n'
ECHO_T=''
EXEEXT=''
INSTALL_DATA='${INSTALL} -m 644'
INSTALL_PROGRAM='${INSTALL}'
INSTALL_SCRIPT='${INSTALL}'
INSTALL_STRIP_PROGRAM='$(install_sh) -c -s'
LDFLAGS=''
LIBOBJS=''
LIBS='-ljson-c -lcrypto -levent_openssl -levent '
LTLIBOBJS=''
MAKEINFO='${SHELL} /home/eduard/workspace/hooky/missing --run makeinfo'
MKDIR_P='/bin/mkdir -p'
OBJEXT='o'
PACKAGE='hooky'
PACKAGE_BUGREPORT=''
PACKAGE_NAME='hooky'
PACKAGE_STRING='hooky 1.0'
PACKAGE_TARNAME='hooky'
PACKAGE_URL=''
PACKAGE_VERSION='1.0'
PATH_SEPARATOR=':'
SET_MAKE=''
SHELL='/bin/bash'
STRIP=''
VERSION='1.0'
ac_ct_CC='gcc'
am__EXEEXT_FALSE=''
am__EXEEXT_TRUE='#'
am__fastdepCC_FALSE='#'
am__fastdepCC_TRUE=''
am__include='include'
am__isrc=''
am__leading_dot='.'
am__nodep='_no'
am__quote=''
am__tar='$${TAR-tar} chof - "$$tardir"'
am__untar='$${TAR-tar} xf -'
bindir='${exec_prefix}/bin'
build_alias=''
datadir='${datarootdir}'
datarootdir='${prefix}/share'
docdir='${datarootdir}/doc/${PACKAGE_TARNAME}'
dvidir='${docdir}'
exec_prefix='${prefix}'
host_alias=''
htmldir='${docdir}'
includedir='${prefix}/include'
infodir='${datarootdir}/info'
install_sh='${SHELL} /home/eduard/workspace/hooky/install-sh'
libdir='${exec_prefix}/lib'
libexecdir='${exec_prefix}/libexec'
localedir='${datarootdir}/locale'
localstatedir='${prefix}/var'
mandir='${datarootdir}/man'
mkdir_p='/bin/mkdir -p'
oldincludedir='/usr/include'
pdfdir='${docdir}'
prefix='/usr/local'
program_transform_name='s,x,x,'
psdir='${docdir}'
sbindir='${exec_prefix}/sbin'
sharedstatedir='${prefix}/com'
sysconfdir='${prefix}/etc'
target_alias=''

## ----------- ##
## confdefs.h. ##
## ----------- ##

/* confdefs.h */
#define PACKAGE_NAME "hooky"
#define PACKAGE_TARNAME "hooky"
#define PACKAGE_VERSION "1.0"
#define PACKAGE_STRING "hooky 1.0"
#define PACKAGE_BUGREPORT ""
#define PACKAGE_URL ""
#define PACKAGE "hooky"
#define VERSION "1.0"
#define HAVE_LIBEVENT 1
#define HAVE_LIBEVENT_OPENSSL 1
#define HAVE_LIBCRYPTO 1
#define HAVE_LIBJSON_C 1

configure: exit 0

## ---------------------- ##
## Running config.status. ##
## ---------------------- ##

This file was extended by hooky config.status 1.0, which was
generated by GNU Autoconf 2.68.  Invocation command line was

  CONFIG_FILES    = 
  CONFIG_HEADERS  = 
  CONFIG_LINKS    = 
  CONFIG_COMMANDS = 
  $ ./config.status 

on Delorum99

config.status:852: creating Makefile
config.status:852: creating src/Makefile
config.status:852: creating config.h
config.status:1033: config.h is unchanged
config.status:1081: executing depfiles commands

## ---------------------- ##
## Running config.status. ##
## ---------------------- ##

This file was extended by hooky config.status 1.0, which was
generated by GNU Autoconf 2.68.  Invocation command line was

  CONFIG_FILES    = 
  CONFIG_HEADERS  = 
  CONFIG_LINKS    = 
  CONFIG_COMMANDS = 
  $ ./config.status config.h

on Delorum99

config.status:852: creating config.h
